<?xml version="1.0" encoding="UTF-8"?>
<!-- Generated by org.testng.reporters.JUnitReportReporter -->
<testsuite hostname="RaviKonka" failures="0" tests="1" name="com.w2a.testcases.StaysTest" time="130.453" errors="0" timestamp="2023-12-07T21:39:03 CST" skipped="0">
  <testcase classname="com.w2a.testcases.StaysTest" name="staysTest" time="130.453"/>
  <system-out/>
</testsuite> <!-- com.w2a.testcases.StaysTest -->
