<?xml version="1.0" encoding="UTF-8"?>
<!-- Generated by org.testng.reporters.JUnitReportReporter -->
<testsuite hostname="RaviKonka" failures="0" tests="1" name="com.w2a.testcases.FlightSearchTest" time="9.625" errors="0" timestamp="2023-12-08T16:00:48 CST" skipped="0">
  <testcase classname="com.w2a.testcases.FlightSearchTest" name="flightSearchTest" time="9.625"/>
  <system-out/>
</testsuite> <!-- com.w2a.testcases.FlightSearchTest -->
