<?xml version="1.0" encoding="UTF-8"?>
<!-- Generated by org.testng.reporters.JUnitReportReporter -->
<testsuite hostname="RaviKonka" failures="0" tests="1" name="com.w2a.testcases.FlightSearchTest" time="33.812" errors="0" timestamp="11 Dec 2023 20:06:03 GMT" skipped="0">
  <testcase classname="com.w2a.testcases.FlightSearchTest" name="flightSearchTest" time="33.812"/>
</testsuite> <!-- com.w2a.testcases.FlightSearchTest -->
